<?xml version="1.0" encoding="UTF-8"?>
<testsuite xmlns:xsi="http://www.w3.org/2001/XMLSchema-instance" xsi:noNamespaceSchemaLocation="https://maven.apache.org/surefire/maven-surefire-plugin/xsd/surefire-test-report.xsd" name="TestSuite" time="0.821" tests="1" errors="0" skipped="0" failures="1">
  <properties>
[...]
</properties>
  <testcase name="testOne" classname="testscripts.firstTest" time="0.544">
    <failure message="Could not start a new session. Possible causes are invalid address of the remote server or browser start-up failure.&#10;Build info: version: &apos;2.48.0&apos;, revision: &apos;b7b081a4f1289f17e8ecd38bc67e137c2a12e34a&apos;, time: &apos;2015-10-07 09:50:14&apos;&#10;System info: host: &apos;VenDs-MacBook-Pro-6.local&apos;, ip: &apos;192.168.110.30&apos;, os.name: &apos;Mac OS X&apos;, os.arch: &apos;x86_64&apos;, os.version: &apos;11.4&apos;, java.version: &apos;11.0.13&apos;&#10;Driver info: driver.version: RemoteWebDriver" type="org.openqa.selenium.remote.UnreachableBrowserException">org.openqa.selenium.remote.UnreachableBrowserException: 
Could not start a new session. Possible causes are invalid address of the remote server or browser start-up failure.
Build info: version: '2.48.0', revision: 'b7b081a4f1289f17e8ecd38bc67e137c2a12e34a', time: '2015-10-07 09:50:14'
System info: host: 'VenDs-MacBook-Pro-6.local', ip: '192.168.110.30', os.name: 'Mac OS X', os.arch: 'x86_64', os.version: '11.4', java.version: '11.0.13'
Driver info: driver.version: RemoteWebDriver
	at testscripts.firstTest.testOne(firstTest.java:23)
Caused by: org.apache.http.conn.HttpHostConnectException: Connect to localhost:4444 [localhost/127.0.0.1, localhost/0:0:0:0:0:0:0:1] failed: Connection refused (Connection refused)
	at testscripts.firstTest.testOne(firstTest.java:23)
Caused by: java.net.ConnectException: Connection refused (Connection refused)
	at testscripts.firstTest.testOne(firstTest.java:23)
</failure>
    <system-out><![CDATA[null
]]></system-out>
  </testcase>
</testsuite>